<?xml version="1.0" encoding="UTF-8"?>
<!-- Generated by org.testng.reporters.JUnitReportReporter -->
<testsuite hostname="vipans-MBP" failures="0" tests="3" name="tests.DeleteCard" time="0.002" errors="0" timestamp="2023-07-09T00:49:14 EDT" skipped="0">
  <testcase classname="tests.DeleteCard" name="verifycardNotPresentforDeleteCard" time="0.000"/>
  <testcase classname="tests.DeleteCard" name="verifyStatusCodeforDeleteCard" time="0.001"/>
  <testcase classname="tests.DeleteCard" name="verifyStatusLineforDeleteCard" time="0.001"/>
</testsuite> <!-- tests.DeleteCard -->
