<?xml version="1.0" encoding="UTF-8"?>
<!-- Generated by org.testng.reporters.JUnitReportReporter -->
<testsuite hostname="vipans-MBP" failures="0" tests="3" name="tests.GetBoard" time="0.011" errors="0" timestamp="2023-07-09T00:49:14 EDT" skipped="0">
  <testcase classname="tests.GetBoard" name="verifyBoardNameforGetBoard" time="0.008"/>
  <testcase classname="tests.GetBoard" name="verifyStatusLineforGetBoard" time="0.002"/>
  <testcase classname="tests.GetBoard" name="verifyStatusCodeforGetBoard" time="0.001"/>
</testsuite> <!-- tests.GetBoard -->
