<?xml version="1.0" encoding="UTF-8"?>
<!-- Generated by org.testng.reporters.JUnitReportReporter -->
<testsuite hostname="vipans-MBP" failures="0" tests="2" name="tests.CreateCard" time="0.001" errors="0" timestamp="2023-07-09T00:49:14 EDT" skipped="0">
  <testcase classname="tests.CreateCard" name="verifyStatusLineforCardCreation" time="0.001"/>
  <testcase classname="tests.CreateCard" name="verifyStatusCodeforCardCreation" time="0.000"/>
</testsuite> <!-- tests.CreateCard -->
