<?xml version="1.0" encoding="UTF-8"?>
<!-- Generated by org.testng.reporters.JUnitReportReporter -->
<testsuite hostname="vipans-MBP" failures="0" tests="3" name="tests.UpdateBoardName" time="0.002" errors="0" timestamp="2023-07-09T00:49:14 EDT" skipped="0">
  <testcase classname="tests.UpdateBoardName" name="verifyStatusLineforUpdateBoardName" time="0.000"/>
  <testcase classname="tests.UpdateBoardName" name="verifyStatusCodeforUpdateBoardName" time="0.001"/>
  <testcase classname="tests.UpdateBoardName" name="verifyNameUpdateforUpdateBoardName" time="0.001"/>
</testsuite> <!-- tests.UpdateBoardName -->
