<?xml version="1.0" encoding="UTF-8"?>
<!-- Generated by org.testng.reporters.JUnitReportReporter -->
<testsuite hostname="vipans-MBP" failures="0" tests="3" name="tests.UpdateList" time="0.003" errors="0" timestamp="2023-07-09T00:49:14 EDT" skipped="0">
  <testcase classname="tests.UpdateList" name="verifyStatusCodeforUpdateList" time="0.001"/>
  <testcase classname="tests.UpdateList" name="verifyNameUpdateforUpdateList" time="0.001"/>
  <testcase classname="tests.UpdateList" name="verifyStatusLineforUpdateList" time="0.001"/>
</testsuite> <!-- tests.UpdateList -->
