<?xml version="1.0" encoding="UTF-8"?>
<!-- Generated by org.testng.reporters.JUnitReportReporter -->
<testsuite hostname="vipans-MBP" failures="0" tests="2" name="tests.CreateBoard" time="0.003" errors="0" timestamp="2023-07-09T00:49:14 EDT" skipped="0">
  <testcase classname="tests.CreateBoard" name="verifyStatusCodeforBoardCreation" time="0.001"/>
  <testcase classname="tests.CreateBoard" name="verifyStatusLineforBoardCreation" time="0.002"/>
</testsuite> <!-- tests.CreateBoard -->
